Determining if the pthread_create exist failed with the following output:
Change Dir: /home/student/3dbildlabor/PCL/1.5/CMakeFiles/CMakeTmp

Run Build Command:"/usr/bin/make" "cmTC_bc549/fast"
/usr/bin/make -f CMakeFiles/cmTC_bc549.dir/build.make CMakeFiles/cmTC_bc549.dir/build
make[1]: Entering directory '/home/student/3dbildlabor/PCL/1.5/CMakeFiles/CMakeTmp'
Building C object CMakeFiles/cmTC_bc549.dir/CheckSymbolExists.c.o
/usr/bin/cc     -o CMakeFiles/cmTC_bc549.dir/CheckSymbolExists.c.o   -c /home/student/3dbildlabor/PCL/1.5/CMakeFiles/CMakeTmp/CheckSymbolExists.c
Linking C executable cmTC_bc549
/usr/bin/cmake -E cmake_link_script CMakeFiles/cmTC_bc549.dir/link.txt --verbose=1
/usr/bin/cc       CMakeFiles/cmTC_bc549.dir/CheckSymbolExists.c.o  -o cmTC_bc549 -rdynamic 
CMakeFiles/cmTC_bc549.dir/CheckSymbolExists.c.o: In function `main':
CheckSymbolExists.c:(.text+0x16): undefined reference to `pthread_create'
collect2: error: ld returned 1 exit status
CMakeFiles/cmTC_bc549.dir/build.make:97: recipe for target 'cmTC_bc549' failed
make[1]: *** [cmTC_bc549] Error 1
make[1]: Leaving directory '/home/student/3dbildlabor/PCL/1.5/CMakeFiles/CMakeTmp'
Makefile:126: recipe for target 'cmTC_bc549/fast' failed
make: *** [cmTC_bc549/fast] Error 2

File /home/student/3dbildlabor/PCL/1.5/CMakeFiles/CMakeTmp/CheckSymbolExists.c:
/* */
#include <pthread.h>

int main(int argc, char** argv)
{
  (void)argv;
#ifndef pthread_create
  return ((int*)(&pthread_create))[argc];
#else
  (void)argc;
  return 0;
#endif
}

Determining if the function pthread_create exists in the pthreads failed with the following output:
Change Dir: /home/student/3dbildlabor/PCL/1.5/CMakeFiles/CMakeTmp

Run Build Command:"/usr/bin/make" "cmTC_65e5a/fast"
/usr/bin/make -f CMakeFiles/cmTC_65e5a.dir/build.make CMakeFiles/cmTC_65e5a.dir/build
make[1]: Entering directory '/home/student/3dbildlabor/PCL/1.5/CMakeFiles/CMakeTmp'
Building C object CMakeFiles/cmTC_65e5a.dir/CheckFunctionExists.c.o
/usr/bin/cc    -DCHECK_FUNCTION_EXISTS=pthread_create   -o CMakeFiles/cmTC_65e5a.dir/CheckFunctionExists.c.o   -c /usr/share/cmake-3.5/Modules/CheckFunctionExists.c
Linking C executable cmTC_65e5a
/usr/bin/cmake -E cmake_link_script CMakeFiles/cmTC_65e5a.dir/link.txt --verbose=1
/usr/bin/cc   -DCHECK_FUNCTION_EXISTS=pthread_create    CMakeFiles/cmTC_65e5a.dir/CheckFunctionExists.c.o  -o cmTC_65e5a -rdynamic -lpthreads 
/usr/bin/ld: cannot find -lpthreads
collect2: error: ld returned 1 exit status
CMakeFiles/cmTC_65e5a.dir/build.make:97: recipe for target 'cmTC_65e5a' failed
make[1]: *** [cmTC_65e5a] Error 1
make[1]: Leaving directory '/home/student/3dbildlabor/PCL/1.5/CMakeFiles/CMakeTmp'
Makefile:126: recipe for target 'cmTC_65e5a/fast' failed
make: *** [cmTC_65e5a/fast] Error 2


